Base path: /Applications/Unity/Unity.app/Contents
Pipe name: \\.\pipe\UnityShaderCompiler-64bit-2-441466880
Cmd: getPlatforms
Cmd: compileSnippet
  api=1 type=0 insize=7025 outsize=580 kw=DIRECTIONAL SHADOWS_OFF LIGHTMAP_OFF DIRLIGHTMAP_OFF DYNAMICLIGHTMAP_OFF ok=1
Cmd: compileSnippet
  api=1 type=0 insize=7025 outsize=508 kw=DIRECTIONAL SHADOWS_OFF LIGHTMAP_OFF DIRLIGHTMAP_OFF DYNAMICLIGHTMAP_ON ok=1
Cmd: compileSnippet
  api=1 type=0 insize=7025 outsize=708 kw=DIRECTIONAL SHADOWS_SCREEN LIGHTMAP_OFF DIRLIGHTMAP_OFF DYNAMICLIGHTMAP_OFF ok=1
Cmd: compileSnippet
  api=0 type=0 insize=7025 outsize=2945 kw=DIRECTIONAL SHADOWS_SCREEN LIGHTMAP_OFF DIRLIGHTMAP_OFF DYNAMICLIGHTMAP_ON ok=1
Cmd: compileSnippet
  api=4 type=0 insize=7025 outsize=3021 kw=DIRECTIONAL SHADOWS_OFF LIGHTMAP_OFF DIRLIGHTMAP_OFF DYNAMICLIGHTMAP_ON VERTEXLIGHT_ON ok=1
Cmd: compileSnippet
  api=1 type=0 insize=7025 outsize=1215 kw=DIRECTIONAL SHADOWS_SCREEN LIGHTMAP_OFF DIRLIGHTMAP_OFF DYNAMICLIGHTMAP_OFF VERTEXLIGHT_ON ok=1
Cmd: compileSnippet
  api=0 type=0 insize=7025 outsize=2945 kw=DIRECTIONAL SHADOWS_SCREEN LIGHTMAP_OFF DIRLIGHTMAP_OFF DYNAMICLIGHTMAP_ON VERTEXLIGHT_ON ok=1
Cmd: compileSnippet
  api=4 type=1 insize=7025 outsize=2282 kw=DIRECTIONAL SHADOWS_OFF LIGHTMAP_OFF DIRLIGHTMAP_OFF DYNAMICLIGHTMAP_OFF ok=1
Cmd: compileSnippet
  api=1 type=1 insize=7025 outsize=605 kw=DIRECTIONAL SHADOWS_SCREEN LIGHTMAP_OFF DIRLIGHTMAP_OFF DYNAMICLIGHTMAP_OFF ok=1
Cmd: compileSnippet
  api=1 type=0 insize=3820 outsize=339 kw=POINT ok=1
Cmd: compileSnippet
  api=1 type=0 insize=3820 outsize=339 kw=DIRECTIONAL ok=1
Cmd: compileSnippet
  api=0 type=0 insize=3820 outsize=2350 kw=SPOT ok=1
Cmd: compileSnippet
  api=4 type=0 insize=3820 outsize=2737 kw=DIRECTIONAL_COOKIE ok=1
Cmd: compileSnippet
  api=1 type=1 insize=3820 outsize=706 kw=POINT ok=1
Cmd: compileSnippet
  api=0 type=1 insize=3820 outsize=6 kw=POINT_COOKIE ok=1
Cmd: compileSnippet
  api=1 type=1 insize=3820 outsize=756 kw=POINT_COOKIE ok=1
Cmd: compileSnippet
  api=0 type=1 insize=3820 outsize=6 kw=DIRECTIONAL_COOKIE ok=1
Cmd: compileSnippet
  api=1 type=1 insize=3820 outsize=627 kw=DIRECTIONAL_COOKIE ok=1
Cmd: compileSnippet
  api=4 type=0 insize=2892 outsize=2517 kw= ok=1
Cmd: compileSnippet
  api=1 type=0 insize=6064 outsize=707 kw=LIGHTMAP_OFF DIRLIGHTMAP_OFF DYNAMICLIGHTMAP_OFF HDR_LIGHT_PREPASS_OFF ok=1
Cmd: compileSnippet
  api=1 type=0 insize=6064 outsize=862 kw=LIGHTMAP_OFF DIRLIGHTMAP_OFF DYNAMICLIGHTMAP_ON HDR_LIGHT_PREPASS_OFF ok=1
Cmd: compileSnippet
  api=0 type=0 insize=6064 outsize=2818 kw=LIGHTMAP_OFF DIRLIGHTMAP_OFF DYNAMICLIGHTMAP_OFF UNITY_HDR_ON ok=1
Cmd: compileSnippet
  api=0 type=1 insize=6064 outsize=6 kw=LIGHTMAP_OFF DIRLIGHTMAP_OFF DYNAMICLIGHTMAP_ON HDR_LIGHT_PREPASS_OFF ok=1
Cmd: compileSnippet
  api=4 type=1 insize=6064 outsize=2030 kw=LIGHTMAP_OFF DIRLIGHTMAP_OFF DYNAMICLIGHTMAP_ON HDR_LIGHT_PREPASS_OFF ok=1
Cmd: compileSnippet
  api=4 type=1 insize=6064 outsize=1973 kw=LIGHTMAP_OFF DIRLIGHTMAP_OFF DYNAMICLIGHTMAP_ON UNITY_HDR_ON ok=1
Cmd: compileSnippet
  api=4 type=0 insize=6143 outsize=3785 kw=LIGHTMAP_OFF DIRLIGHTMAP_OFF DYNAMICLIGHTMAP_OFF HDR_LIGHT_PREPASS_OFF ok=1
Cmd: compileSnippet
  api=4 type=0 insize=6143 outsize=3021 kw=LIGHTMAP_OFF DIRLIGHTMAP_OFF DYNAMICLIGHTMAP_ON HDR_LIGHT_PREPASS_OFF ok=1
Cmd: compileSnippet
  api=1 type=0 insize=6143 outsize=595 kw=LIGHTMAP_OFF DIRLIGHTMAP_OFF DYNAMICLIGHTMAP_OFF UNITY_HDR_ON ok=1
Cmd: compileSnippet
  api=4 type=0 insize=6143 outsize=3785 kw=LIGHTMAP_OFF DIRLIGHTMAP_OFF DYNAMICLIGHTMAP_OFF UNITY_HDR_ON ok=1
Cmd: compileSnippet
  api=0 type=0 insize=6143 outsize=2297 kw=LIGHTMAP_OFF DIRLIGHTMAP_OFF DYNAMICLIGHTMAP_ON UNITY_HDR_ON ok=1
Cmd: compileSnippet
  api=0 type=1 insize=6143 outsize=6 kw=LIGHTMAP_OFF DIRLIGHTMAP_OFF DYNAMICLIGHTMAP_ON HDR_LIGHT_PREPASS_OFF ok=1
Cmd: compileSnippet
  api=4 type=1 insize=6143 outsize=2013 kw=LIGHTMAP_OFF DIRLIGHTMAP_OFF DYNAMICLIGHTMAP_ON HDR_LIGHT_PREPASS_OFF ok=1
Cmd: compileSnippet
  api=4 type=1 insize=6143 outsize=1965 kw=LIGHTMAP_OFF DIRLIGHTMAP_OFF DYNAMICLIGHTMAP_ON UNITY_HDR_ON ok=1
Cmd: compileSnippet
  api=1 type=1 insize=3083 outsize=363 kw= ok=1
Cmd: compileSnippet
  api=4 type=0 insize=7523 outsize=4703 kw=DIRECTIONAL SHADOWS_OFF LIGHTMAP_OFF DIRLIGHTMAP_OFF DYNAMICLIGHTMAP_OFF ok=1
Cmd: compileSnippet
  api=4 type=0 insize=7523 outsize=5093 kw=DIRECTIONAL SHADOWS_SCREEN LIGHTMAP_OFF DIRLIGHTMAP_OFF DYNAMICLIGHTMAP_OFF ok=1
Cmd: compileSnippet
  api=4 type=0 insize=7523 outsize=4662 kw=DIRECTIONAL SHADOWS_SCREEN LIGHTMAP_OFF DIRLIGHTMAP_OFF DYNAMICLIGHTMAP_ON ok=1
Cmd: compileSnippet
  api=1 type=0 insize=7523 outsize=1546 kw=DIRECTIONAL SHADOWS_OFF LIGHTMAP_OFF DIRLIGHTMAP_OFF DYNAMICLIGHTMAP_OFF VERTEXLIGHT_ON ok=1
Cmd: compileSnippet
  api=0 type=0 insize=7523 outsize=3968 kw=DIRECTIONAL SHADOWS_OFF LIGHTMAP_OFF DIRLIGHTMAP_OFF DYNAMICLIGHTMAP_ON VERTEXLIGHT_ON ok=1
Cmd: compileSnippet
  api=1 type=0 insize=7523 outsize=1040 kw=DIRECTIONAL SHADOWS_SCREEN LIGHTMAP_OFF DIRLIGHTMAP_OFF DYNAMICLIGHTMAP_ON VERTEXLIGHT_ON ok=1
Cmd: compileSnippet
  api=1 type=1 insize=7523 outsize=974 kw=DIRECTIONAL SHADOWS_OFF LIGHTMAP_OFF DIRLIGHTMAP_OFF DYNAMICLIGHTMAP_OFF ok=1
Cmd: compileSnippet
  api=4 type=1 insize=7523 outsize=3768 kw=DIRECTIONAL SHADOWS_SCREEN LIGHTMAP_OFF DIRLIGHTMAP_OFF DYNAMICLIGHTMAP_OFF ok=1
Cmd: compileSnippet
  api=1 type=0 insize=4918 outsize=819 kw=POINT ok=1
Cmd: compileSnippet
  api=4 type=0 insize=4918 outsize=3939 kw=DIRECTIONAL ok=1
Cmd: compileSnippet
  api=4 type=0 insize=4918 outsize=3939 kw=SPOT ok=1
Cmd: compileSnippet
  api=1 type=0 insize=4918 outsize=819 kw=POINT_COOKIE ok=1
Cmd: compileSnippet
  api=4 type=0 insize=4918 outsize=3939 kw=POINT_COOKIE ok=1
Cmd: compileSnippet
  api=4 type=0 insize=4918 outsize=3939 kw=DIRECTIONAL_COOKIE ok=1
Cmd: compileSnippet
  api=4 type=1 insize=4918 outsize=3630 kw=POINT ok=1
Cmd: compileSnippet
  api=4 type=1 insize=4918 outsize=3850 kw=POINT_COOKIE ok=1
Cmd: compileSnippet
  api=4 type=1 insize=4918 outsize=3362 kw=DIRECTIONAL_COOKIE ok=1
Cmd: compileSnippet
  api=4 type=0 insize=4037 outsize=3898 kw= ok=1
Cmd: compileSnippet
  api=1 type=0 insize=6387 outsize=808 kw=LIGHTMAP_OFF DIRLIGHTMAP_OFF DYNAMICLIGHTMAP_OFF HDR_LIGHT_PREPASS_OFF ok=1
Cmd: compileSnippet
  api=1 type=0 insize=6387 outsize=862 kw=LIGHTMAP_OFF DIRLIGHTMAP_OFF DYNAMICLIGHTMAP_ON HDR_LIGHT_PREPASS_OFF ok=1
Cmd: compileSnippet
  api=0 type=0 insize=6387 outsize=2818 kw=LIGHTMAP_OFF DIRLIGHTMAP_OFF DYNAMICLIGHTMAP_OFF UNITY_HDR_ON ok=1
Cmd: compileSnippet
  api=0 type=1 insize=6387 outsize=6 kw=LIGHTMAP_OFF DIRLIGHTMAP_OFF DYNAMICLIGHTMAP_ON HDR_LIGHT_PREPASS_OFF ok=1
Cmd: compileSnippet
  api=4 type=1 insize=6387 outsize=2030 kw=LIGHTMAP_OFF DIRLIGHTMAP_OFF DYNAMICLIGHTMAP_ON HDR_LIGHT_PREPASS_OFF ok=1
Cmd: compileSnippet
  api=4 type=1 insize=6387 outsize=1973 kw=LIGHTMAP_OFF DIRLIGHTMAP_OFF DYNAMICLIGHTMAP_ON UNITY_HDR_ON ok=1
Cmd: compileSnippet
  api=0 type=0 insize=7382 outsize=3845 kw=LIGHTMAP_OFF DIRLIGHTMAP_OFF DYNAMICLIGHTMAP_ON HDR_LIGHT_PREPASS_OFF ok=1
Cmd: compileSnippet
  api=1 type=0 insize=7382 outsize=891 kw=LIGHTMAP_OFF DIRLIGHTMAP_OFF DYNAMICLIGHTMAP_ON UNITY_HDR_ON ok=1
Cmd: compileSnippet
  api=1 type=1 insize=7382 outsize=737 kw=LIGHTMAP_OFF DIRLIGHTMAP_OFF DYNAMICLIGHTMAP_OFF HDR_LIGHT_PREPASS_OFF ok=1
Cmd: compileSnippet
  api=4 type=1 insize=7382 outsize=2639 kw=LIGHTMAP_OFF DIRLIGHTMAP_OFF DYNAMICLIGHTMAP_OFF UNITY_HDR_ON ok=1
Cmd: compileSnippet
  api=1 type=1 insize=4022 outsize=373 kw= ok=1
Cmd: compileSnippet
  api=4 type=0 insize=7321 outsize=4857 kw=DIRECTIONAL SHADOWS_OFF LIGHTMAP_OFF DIRLIGHTMAP_OFF DYNAMICLIGHTMAP_OFF ok=1
Cmd: compileSnippet
  api=4 type=0 insize=7321 outsize=5247 kw=DIRECTIONAL SHADOWS_SCREEN LIGHTMAP_OFF DIRLIGHTMAP_OFF DYNAMICLIGHTMAP_OFF ok=1
Cmd: compileSnippet
  api=1 type=0 insize=7321 outsize=1481 kw=DIRECTIONAL SHADOWS_OFF LIGHTMAP_OFF DIRLIGHTMAP_OFF DYNAMICLIGHTMAP_OFF VERTEXLIGHT_ON ok=1
Cmd: compileSnippet
  api=4 type=0 insize=7321 outsize=6271 kw=DIRECTIONAL SHADOWS_OFF LIGHTMAP_OFF DIRLIGHTMAP_OFF DYNAMICLIGHTMAP_OFF VERTEXLIGHT_ON ok=1
Cmd: compileSnippet
  api=1 type=1 insize=7321 outsize=904 kw=DIRECTIONAL SHADOWS_OFF LIGHTMAP_OFF DIRLIGHTMAP_OFF DYNAMICLIGHTMAP_OFF ok=1
Cmd: compileSnippet
  api=4 type=0 insize=4905 outsize=3939 kw=POINT ok=1
Cmd: compileSnippet
  api=4 type=0 insize=4905 outsize=3939 kw=DIRECTIONAL ok=1
Cmd: compileSnippet
  api=1 type=0 insize=4905 outsize=725 kw=SPOT ok=1
Cmd: compileSnippet
  api=4 type=0 insize=4905 outsize=3939 kw=SPOT ok=1
Cmd: compileSnippet
  api=4 type=0 insize=4905 outsize=3939 kw=POINT_COOKIE ok=1
Cmd: compileSnippet
  api=1 type=0 insize=4905 outsize=725 kw=DIRECTIONAL_COOKIE ok=1
Cmd: compileSnippet
  api=1 type=1 insize=4905 outsize=1052 kw=POINT ok=1
Cmd: compileSnippet
  api=0 type=1 insize=4905 outsize=6 kw=POINT_COOKIE ok=1
Cmd: compileSnippet
  api=1 type=1 insize=4905 outsize=1092 kw=POINT_COOKIE ok=1
Cmd: compileSnippet
  api=0 type=1 insize=4905 outsize=6 kw=DIRECTIONAL_COOKIE ok=1
Cmd: compileSnippet
  api=1 type=1 insize=4905 outsize=971 kw=DIRECTIONAL_COOKIE ok=1
Cmd: compileSnippet
  api=4 type=0 insize=4010 outsize=3898 kw= ok=1
Cmd: compileSnippet
  api=1 type=0 insize=6080 outsize=707 kw=LIGHTMAP_OFF DIRLIGHTMAP_OFF DYNAMICLIGHTMAP_OFF HDR_LIGHT_PREPASS_OFF ok=1
Cmd: compileSnippet
  api=1 type=0 insize=6080 outsize=707 kw=LIGHTMAP_OFF DIRLIGHTMAP_OFF DYNAMICLIGHTMAP_OFF UNITY_HDR_ON ok=1
Cmd: compileSnippet
  api=1 type=1 insize=6080 outsize=363 kw=LIGHTMAP_OFF DIRLIGHTMAP_OFF DYNAMICLIGHTMAP_OFF HDR_LIGHT_PREPASS_OFF ok=1
Cmd: compileSnippet
  api=1 type=0 insize=7240 outsize=956 kw=LIGHTMAP_OFF DIRLIGHTMAP_OFF DYNAMICLIGHTMAP_OFF HDR_LIGHT_PREPASS_OFF ok=1
Cmd: compileSnippet
  api=1 type=0 insize=7240 outsize=956 kw=LIGHTMAP_OFF DIRLIGHTMAP_OFF DYNAMICLIGHTMAP_OFF UNITY_HDR_ON ok=1
Cmd: compileSnippet
  api=1 type=1 insize=7240 outsize=688 kw=LIGHTMAP_OFF DIRLIGHTMAP_OFF DYNAMICLIGHTMAP_OFF HDR_LIGHT_PREPASS_OFF ok=1
Cmd: compileSnippet
  api=1 type=0 insize=3995 outsize=970 kw= ok=1
Cmd: compileSnippet
  api=4 type=1 insize=3995 outsize=1396 kw= ok=1
Cmd: compileSnippet
  api=0 type=0 insize=982 outsize=9377 kw=DIRECTIONAL SHADOWS_OFF LIGHTMAP_OFF DIRLIGHTMAP_OFF DYNAMICLIGHTMAP_ON ok=1
Cmd: compileSnippet
  api=0 type=0 insize=982 outsize=9377 kw=DIRECTIONAL SHADOWS_OFF LIGHTMAP_OFF DIRLIGHTMAP_OFF DYNAMICLIGHTMAP_ON VERTEXLIGHT_ON ok=1
Cmd: compileSnippet
  api=4 type=0 insize=982 outsize=3996 kw=DIRECTIONAL SHADOWS_SCREEN LIGHTMAP_OFF DIRLIGHTMAP_OFF DYNAMICLIGHTMAP_ON VERTEXLIGHT_ON ok=1
Cmd: compileSnippet
  api=4 type=0 insize=982 outsize=3963 kw=DIRECTIONAL SHADOWS_OFF LIGHTMAP_OFF DIRLIGHTMAP_OFF DYNAMICLIGHTMAP_OFF _ALPHAPREMULTIPLY_ON ok=1
Cmd: compileSnippet
  api=1 type=0 insize=982 outsize=763 kw=DIRECTIONAL SHADOWS_OFF LIGHTMAP_OFF DIRLIGHTMAP_OFF DYNAMICLIGHTMAP_ON _ALPHAPREMULTIPLY_ON ok=1
Cmd: compileSnippet
  api=0 type=0 insize=982 outsize=10406 kw=DIRECTIONAL SHADOWS_SCREEN LIGHTMAP_OFF DIRLIGHTMAP_OFF DYNAMICLIGHTMAP_OFF _ALPHAPREMULTIPLY_ON ok=1
Cmd: compileSnippet
  api=4 type=0 insize=982 outsize=5377 kw=DIRECTIONAL SHADOWS_OFF LIGHTMAP_OFF DIRLIGHTMAP_OFF DYNAMICLIGHTMAP_OFF VERTEXLIGHT_ON _ALPHAPREMULTIPLY_ON ok=1
Cmd: compileSnippet
  api=1 type=0 insize=982 outsize=763 kw=DIRECTIONAL SHADOWS_OFF LIGHTMAP_OFF DIRLIGHTMAP_OFF DYNAMICLIGHTMAP_ON VERTEXLIGHT_ON _ALPHAPREMULTIPLY_ON ok=1
Cmd: compileSnippet
  api=0 type=0 insize=982 outsize=11358 kw=DIRECTIONAL SHADOWS_SCREEN LIGHTMAP_OFF DIRLIGHTMAP_OFF DYNAMICLIGHTMAP_OFF VERTEXLIGHT_ON _ALPHAPREMULTIPLY_ON ok=1
Cmd: compileSnippet
  api=4 type=1 insize=982 outsize=10488 kw=DIRECTIONAL SHADOWS_OFF LIGHTMAP_OFF DIRLIGHTMAP_OFF DYNAMICLIGHTMAP_OFF ok=1
Cmd: compileSnippet
  api=1 type=1 insize=982 outsize=3685 kw=DIRECTIONAL SHADOWS_SCREEN LIGHTMAP_OFF DIRLIGHTMAP_OFF DYNAMICLIGHTMAP_OFF ok=1
Cmd: compileSnippet
  api=4 type=1 insize=982 outsize=10577 kw=DIRECTIONAL SHADOWS_OFF LIGHTMAP_OFF DIRLIGHTMAP_OFF DYNAMICLIGHTMAP_OFF _ALPHAPREMULTIPLY_ON ok=1
Cmd: compileSnippet
  api=0 type=1 insize=982 outsize=6 kw=DIRECTIONAL SHADOWS_SCREEN LIGHTMAP_OFF DIRLIGHTMAP_OFF DYNAMICLIGHTMAP_OFF _ALPHAPREMULTIPLY_ON ok=1
Cmd: compileSnippet
  api=1 type=1 insize=982 outsize=3716 kw=DIRECTIONAL SHADOWS_SCREEN LIGHTMAP_OFF DIRLIGHTMAP_OFF DYNAMICLIGHTMAP_OFF _ALPHAPREMULTIPLY_ON ok=1
Cmd: compileSnippet
  api=1 type=0 insize=938 outsize=808 kw=DIRECTIONAL SHADOWS_OFF ok=1
Cmd: compileSnippet
  api=0 type=0 insize=938 outsize=6144 kw=SPOT SHADOWS_OFF ok=1
Cmd: compileSnippet
  api=1 type=0 insize=938 outsize=882 kw=DIRECTIONAL_COOKIE SHADOWS_OFF ok=1
Cmd: compileSnippet
  api=0 type=0 insize=938 outsize=6512 kw=SPOT SHADOWS_DEPTH SHADOWS_NATIVE ok=1
Cmd: compileSnippet
  api=4 type=0 insize=938 outsize=5068 kw=DIRECTIONAL_COOKIE SHADOWS_SCREEN ok=1
Cmd: compileSnippet
  api=4 type=0 insize=938 outsize=4857 kw=POINT SHADOWS_CUBE ok=1
Cmd: compileSnippet
  api=4 type=0 insize=938 outsize=4857 kw=POINT_COOKIE SHADOWS_CUBE ok=1
Cmd: compileSnippet
  api=1 type=0 insize=938 outsize=1005 kw=SPOT SHADOWS_DEPTH SHADOWS_SOFT SHADOWS_NATIVE ok=1
Cmd: compileSnippet
  api=0 type=0 insize=938 outsize=7666 kw=POINT SHADOWS_CUBE SHADOWS_SOFT ok=1
Cmd: compileSnippet
  api=4 type=0 insize=938 outsize=4711 kw=POINT SHADOWS_OFF _ALPHAPREMULTIPLY_ON ok=1
Cmd: compileSnippet
  api=4 type=0 insize=938 outsize=4020 kw=DIRECTIONAL SHADOWS_OFF _ALPHAPREMULTIPLY_ON ok=1
Cmd: compileSnippet
  api=1 type=0 insize=938 outsize=915 kw=SPOT SHADOWS_OFF _ALPHAPREMULTIPLY_ON ok=1
Cmd: compileSnippet
  api=0 type=0 insize=938 outsize=6253 kw=POINT_COOKIE SHADOWS_OFF _ALPHAPREMULTIPLY_ON ok=1
Cmd: compileSnippet
  api=4 type=0 insize=938 outsize=5125 kw=SPOT SHADOWS_DEPTH SHADOWS_NATIVE _ALPHAPREMULTIPLY_ON ok=1
Cmd: compileSnippet
  api=4 type=0 insize=938 outsize=4378 kw=DIRECTIONAL SHADOWS_SCREEN _ALPHAPREMULTIPLY_ON ok=1
Cmd: compileSnippet
  api=1 type=0 insize=938 outsize=1051 kw=DIRECTIONAL_COOKIE SHADOWS_SCREEN _ALPHAPREMULTIPLY_ON ok=1
Cmd: compileSnippet
  api=0 type=0 insize=938 outsize=6962 kw=POINT SHADOWS_CUBE _ALPHAPREMULTIPLY_ON ok=1
Cmd: compileSnippet
  api=4 type=0 insize=938 outsize=5125 kw=SPOT SHADOWS_DEPTH SHADOWS_SOFT SHADOWS_NATIVE _ALPHAPREMULTIPLY_ON ok=1
Cmd: compileSnippet
  api=1 type=0 insize=938 outsize=943 kw=POINT SHADOWS_CUBE SHADOWS_SOFT _ALPHAPREMULTIPLY_ON ok=1
Cmd: compileSnippet
  api=0 type=0 insize=938 outsize=8035 kw=POINT_COOKIE SHADOWS_CUBE SHADOWS_SOFT _ALPHAPREMULTIPLY_ON ok=1
Cmd: compileSnippet
  api=1 type=1 insize=938 outsize=2006 kw=POINT SHADOWS_OFF ok=1
Cmd: compileSnippet
  api=4 type=1 insize=938 outsize=6076 kw=POINT_COOKIE SHADOWS_OFF ok=1
Cmd: compileSnippet
  api=4 type=1 insize=938 outsize=5694 kw=DIRECTIONAL_COOKIE SHADOWS_OFF ok=1
Cmd: compileSnippet
  api=0 type=1 insize=938 outsize=6 kw=DIRECTIONAL SHADOWS_SCREEN ok=1
Cmd: compileSnippet
  api=1 type=1 insize=938 outsize=1981 kw=DIRECTIONAL SHADOWS_SCREEN ok=1
Cmd: compileSnippet
  api=4 type=1 insize=938 outsize=6572 kw=POINT SHADOWS_CUBE ok=1
Cmd: compileSnippet
  api=4 type=1 insize=938 outsize=7587 kw=SPOT SHADOWS_DEPTH SHADOWS_SOFT SHADOWS_NATIVE ok=1
Cmd: compileSnippet
  api=0 type=1 insize=938 outsize=6 kw=POINT_COOKIE SHADOWS_CUBE SHADOWS_SOFT ok=1
Cmd: compileSnippet
  api=1 type=1 insize=938 outsize=2534 kw=POINT_COOKIE SHADOWS_CUBE SHADOWS_SOFT ok=1
Cmd: compileSnippet
  api=1 type=1 insize=938 outsize=1962 kw=DIRECTIONAL SHADOWS_OFF _ALPHAPREMULTIPLY_ON ok=1
Cmd: compileSnippet
  api=1 type=1 insize=938 outsize=2143 kw=POINT_COOKIE SHADOWS_OFF _ALPHAPREMULTIPLY_ON ok=1
Cmd: compileSnippet
  api=4 type=1 insize=938 outsize=7132 kw=SPOT SHADOWS_DEPTH SHADOWS_NATIVE _ALPHAPREMULTIPLY_ON ok=1
Cmd: compileSnippet
  api=0 type=1 insize=938 outsize=6 kw=DIRECTIONAL_COOKIE SHADOWS_SCREEN _ALPHAPREMULTIPLY_ON ok=1
Cmd: compileSnippet
  api=0 type=1 insize=938 outsize=6 kw=POINT SHADOWS_CUBE _ALPHAPREMULTIPLY_ON ok=1
Cmd: compileSnippet
  api=1 type=1 insize=938 outsize=2310 kw=POINT SHADOWS_CUBE _ALPHAPREMULTIPLY_ON ok=1
Cmd: compileSnippet
  api=4 type=1 insize=938 outsize=7742 kw=SPOT SHADOWS_DEPTH SHADOWS_SOFT SHADOWS_NATIVE _ALPHAPREMULTIPLY_ON ok=1
Cmd: compileSnippet
  api=0 type=1 insize=938 outsize=6 kw=POINT_COOKIE SHADOWS_CUBE SHADOWS_SOFT _ALPHAPREMULTIPLY_ON ok=1
Cmd: compileSnippet
  api=1 type=1 insize=938 outsize=2596 kw=POINT_COOKIE SHADOWS_CUBE SHADOWS_SOFT _ALPHAPREMULTIPLY_ON ok=1
Cmd: compileSnippet
  api=0 type=0 insize=751 outsize=474 kw=SHADOWS_CUBE ok=1
Cmd: compileSnippet
  api=1 type=0 insize=751 outsize=262 kw=SHADOWS_CUBE _ALPHAPREMULTIPLY_ON ok=1
Cmd: compileSnippet
  api=1 type=1 insize=751 outsize=65 kw=SHADOWS_DEPTH ok=1
Cmd: compileSnippet
  api=4 type=1 insize=751 outsize=1217 kw=SHADOWS_DEPTH _ALPHAPREMULTIPLY_ON ok=1
Cmd: compileSnippet
  api=1 type=0 insize=1152 outsize=842 kw=LIGHTMAP_OFF DIRLIGHTMAP_OFF DYNAMICLIGHTMAP_OFF ok=1
Cmd: compileSnippet
  api=1 type=0 insize=1152 outsize=842 kw=LIGHTMAP_OFF DIRLIGHTMAP_OFF DYNAMICLIGHTMAP_OFF _ALPHAPREMULTIPLY_ON ok=1
Cmd: compileSnippet
  api=0 type=0 insize=1152 outsize=7963 kw=LIGHTMAP_OFF DIRLIGHTMAP_OFF DYNAMICLIGHTMAP_ON ok=1
Cmd: compileSnippet
  api=4 type=0 insize=1152 outsize=3963 kw=LIGHTMAP_OFF DIRLIGHTMAP_OFF DYNAMICLIGHTMAP_OFF UNITY_HDR_ON ok=1
Cmd: compileSnippet
  api=1 type=0 insize=1152 outsize=842 kw=LIGHTMAP_OFF DIRLIGHTMAP_OFF DYNAMICLIGHTMAP_OFF UNITY_HDR_ON _ALPHAPREMULTIPLY_ON ok=1
Cmd: compileSnippet
  api=0 type=0 insize=1152 outsize=7954 kw=LIGHTMAP_OFF DIRLIGHTMAP_OFF DYNAMICLIGHTMAP_ON UNITY_HDR_ON ok=1
Cmd: compileSnippet
  api=4 type=1 insize=1152 outsize=7839 kw=LIGHTMAP_OFF DIRLIGHTMAP_OFF DYNAMICLIGHTMAP_OFF ok=1
Cmd: compileSnippet
  api=1 type=1 insize=1152 outsize=2545 kw=LIGHTMAP_OFF DIRLIGHTMAP_OFF DYNAMICLIGHTMAP_ON ok=1
Cmd: compileSnippet
  api=0 type=1 insize=1152 outsize=6 kw=LIGHTMAP_OFF DIRLIGHTMAP_OFF DYNAMICLIGHTMAP_OFF UNITY_HDR_ON _ALPHAPREMULTIPLY_ON ok=1
Cmd: compileSnippet
  api=1 type=1 insize=1152 outsize=2390 kw=LIGHTMAP_OFF DIRLIGHTMAP_OFF DYNAMICLIGHTMAP_OFF UNITY_HDR_ON _ALPHAPREMULTIPLY_ON ok=1
Cmd: compileSnippet
  api=4 type=1 insize=1152 outsize=7961 kw=LIGHTMAP_OFF DIRLIGHTMAP_OFF DYNAMICLIGHTMAP_ON UNITY_HDR_ON _ALPHAPREMULTIPLY_ON ok=1
Cmd: compileSnippet
  api=1 type=1 insize=530 outsize=618 kw= ok=1
Cmd: compileSnippet
  api=0 type=0 insize=886 outsize=9377 kw=DIRECTIONAL SHADOWS_OFF LIGHTMAP_OFF DIRLIGHTMAP_OFF DYNAMICLIGHTMAP_ON ok=1
Cmd: compileSnippet
  api=4 type=0 insize=886 outsize=3996 kw=DIRECTIONAL SHADOWS_SCREEN LIGHTMAP_OFF DIRLIGHTMAP_OFF DYNAMICLIGHTMAP_ON ok=1
Cmd: compileSnippet
  api=4 type=0 insize=886 outsize=5710 kw=DIRECTIONAL SHADOWS_OFF LIGHTMAP_OFF DIRLIGHTMAP_OFF DYNAMICLIGHTMAP_OFF VERTEXLIGHT_ON ok=1
Cmd: compileSnippet
  api=1 type=0 insize=886 outsize=763 kw=DIRECTIONAL SHADOWS_OFF LIGHTMAP_OFF DIRLIGHTMAP_OFF DYNAMICLIGHTMAP_ON VERTEXLIGHT_ON ok=1
Cmd: compileSnippet
  api=4 type=0 insize=886 outsize=3638 kw=DIRECTIONAL SHADOWS_OFF LIGHTMAP_OFF DIRLIGHTMAP_OFF DYNAMICLIGHTMAP_ON VERTEXLIGHT_ON ok=1
Cmd: compileSnippet
  api=4 type=0 insize=886 outsize=6068 kw=DIRECTIONAL SHADOWS_SCREEN LIGHTMAP_OFF DIRLIGHTMAP_OFF DYNAMICLIGHTMAP_OFF VERTEXLIGHT_ON ok=1
Cmd: compileSnippet
  api=1 type=0 insize=886 outsize=912 kw=DIRECTIONAL SHADOWS_SCREEN LIGHTMAP_OFF DIRLIGHTMAP_OFF DYNAMICLIGHTMAP_ON VERTEXLIGHT_ON ok=1
Cmd: compileSnippet
  api=4 type=0 insize=886 outsize=3996 kw=DIRECTIONAL SHADOWS_SCREEN LIGHTMAP_OFF DIRLIGHTMAP_OFF DYNAMICLIGHTMAP_ON VERTEXLIGHT_ON ok=1
Cmd: compileSnippet
  api=1 type=0 insize=886 outsize=851 kw=DIRECTIONAL SHADOWS_OFF LIGHTMAP_OFF DIRLIGHTMAP_OFF DYNAMICLIGHTMAP_OFF _ALPHAPREMULTIPLY_ON ok=1
Cmd: compileSnippet
  api=0 type=0 insize=886 outsize=9567 kw=DIRECTIONAL SHADOWS_OFF LIGHTMAP_OFF DIRLIGHTMAP_OFF DYNAMICLIGHTMAP_ON _ALPHAPREMULTIPLY_ON ok=1
Cmd: compileSnippet
  api=0 type=0 insize=886 outsize=6161 kw=DIRECTIONAL SHADOWS_OFF LIGHTMAP_OFF DIRLIGHTMAP_OFF DYNAMICLIGHTMAP_OFF VERTEXLIGHT_ON _ALPHAPREMULTIPLY_ON ok=1
Cmd: compileSnippet
  api=1 type=0 insize=886 outsize=1473 kw=DIRECTIONAL SHADOWS_SCREEN LIGHTMAP_OFF DIRLIGHTMAP_OFF DYNAMICLIGHTMAP_OFF VERTEXLIGHT_ON _ALPHAPREMULTIPLY_ON ok=1
Cmd: compileSnippet
  api=0 type=0 insize=886 outsize=10034 kw=DIRECTIONAL SHADOWS_SCREEN LIGHTMAP_OFF DIRLIGHTMAP_OFF DYNAMICLIGHTMAP_ON VERTEXLIGHT_ON _ALPHAPREMULTIPLY_ON ok=1
Cmd: compileSnippet
  api=0 type=1 insize=886 outsize=6 kw=DIRECTIONAL SHADOWS_OFF LIGHTMAP_OFF DIRLIGHTMAP_OFF DYNAMICLIGHTMAP_ON ok=1
Cmd: compileSnippet
  api=4 type=1 insize=886 outsize=10593 kw=DIRECTIONAL SHADOWS_OFF LIGHTMAP_OFF DIRLIGHTMAP_OFF DYNAMICLIGHTMAP_ON ok=1
Cmd: compileSnippet
  api=0 type=1 insize=886 outsize=6 kw=DIRECTIONAL SHADOWS_SCREEN LIGHTMAP_OFF DIRLIGHTMAP_OFF DYNAMICLIGHTMAP_ON ok=1
Cmd: compileSnippet
  api=1 type=1 insize=886 outsize=3749 kw=DIRECTIONAL SHADOWS_SCREEN LIGHTMAP_OFF DIRLIGHTMAP_OFF DYNAMICLIGHTMAP_ON ok=1
Cmd: compileSnippet
  api=4 type=1 insize=886 outsize=4378 kw=DIRECTIONAL SHADOWS_SCREEN LIGHTMAP_OFF DIRLIGHTMAP_OFF DYNAMICLIGHTMAP_OFF _ALPHAPREMULTIPLY_ON ok=1
Cmd: compileSnippet
  api=4 type=1 insize=886 outsize=10992 kw=DIRECTIONAL SHADOWS_SCREEN LIGHTMAP_OFF DIRLIGHTMAP_OFF DYNAMICLIGHTMAP_ON _ALPHAPREMULTIPLY_ON ok=1
Cmd: compileSnippet
  api=4 type=0 insize=816 outsize=5020 kw=POINT SHADOWS_OFF ok=1
Cmd: compileSnippet
  api=4 type=0 insize=816 outsize=4175 kw=DIRECTIONAL SHADOWS_OFF ok=1
Cmd: compileSnippet
  api=1 type=0 insize=816 outsize=890 kw=SPOT SHADOWS_OFF ok=1
Cmd: compileSnippet
  api=4 type=0 insize=816 outsize=5020 kw=SPOT SHADOWS_OFF ok=1
Cmd: compileSnippet
  api=4 type=0 insize=816 outsize=5020 kw=POINT_COOKIE SHADOWS_OFF ok=1
Cmd: compileSnippet
  api=1 type=0 insize=816 outsize=837 kw=DIRECTIONAL_COOKIE SHADOWS_OFF ok=1
Cmd: compileSnippet
  api=0 type=0 insize=816 outsize=5322 kw=SPOT SHADOWS_DEPTH SHADOWS_NATIVE ok=1
Cmd: compileSnippet
  api=4 type=0 insize=816 outsize=5223 kw=DIRECTIONAL_COOKIE SHADOWS_SCREEN ok=1
Cmd: compileSnippet
  api=1 type=0 insize=816 outsize=893 kw=POINT SHADOWS_CUBE ok=1
Cmd: compileSnippet
  api=0 type=0 insize=816 outsize=5667 kw=POINT_COOKIE SHADOWS_CUBE ok=1
Cmd: compileSnippet
  api=4 type=0 insize=816 outsize=4175 kw=DIRECTIONAL SHADOWS_OFF _ALPHAPREMULTIPLY_ON ok=1
Cmd: compileSnippet
  api=1 type=0 insize=816 outsize=890 kw=SPOT SHADOWS_OFF _ALPHAPREMULTIPLY_ON ok=1
Cmd: compileSnippet
  api=0 type=0 insize=816 outsize=4978 kw=POINT_COOKIE SHADOWS_OFF _ALPHAPREMULTIPLY_ON ok=1
Cmd: compileSnippet
  api=4 type=0 insize=816 outsize=5434 kw=SPOT SHADOWS_DEPTH SHADOWS_NATIVE _ALPHAPREMULTIPLY_ON ok=1
Cmd: compileSnippet
  api=1 type=0 insize=816 outsize=929 kw=DIRECTIONAL SHADOWS_SCREEN _ALPHAPREMULTIPLY_ON ok=1
Cmd: compileSnippet
  api=0 type=0 insize=816 outsize=5282 kw=DIRECTIONAL_COOKIE SHADOWS_SCREEN _ALPHAPREMULTIPLY_ON ok=1
Cmd: compileSnippet
  api=4 type=0 insize=816 outsize=5166 kw=POINT_COOKIE SHADOWS_CUBE _ALPHAPREMULTIPLY_ON ok=1
Cmd: compileSnippet
  api=4 type=1 insize=816 outsize=2883 kw=POINT SHADOWS_OFF ok=1
Cmd: compileSnippet
  api=1 type=1 insize=816 outsize=846 kw=POINT_COOKIE SHADOWS_OFF ok=1
Cmd: compileSnippet
  api=0 type=1 insize=816 outsize=6 kw=DIRECTIONAL_COOKIE SHADOWS_OFF ok=1
Cmd: compileSnippet
  api=1 type=1 insize=816 outsize=791 kw=DIRECTIONAL_COOKIE SHADOWS_OFF ok=1
Cmd: compileSnippet
  api=0 type=1 insize=816 outsize=6 kw=DIRECTIONAL SHADOWS_SCREEN ok=1
Cmd: compileSnippet
  api=1 type=1 insize=816 outsize=789 kw=DIRECTIONAL SHADOWS_SCREEN ok=1
Cmd: compileSnippet
  api=0 type=1 insize=816 outsize=6 kw=POINT SHADOWS_CUBE ok=1
Cmd: compileSnippet
  api=1 type=1 insize=816 outsize=993 kw=POINT SHADOWS_CUBE ok=1
Cmd: compileSnippet
  api=0 type=1 insize=816 outsize=6 kw=POINT SHADOWS_OFF _ALPHAPREMULTIPLY_ON ok=1
Cmd: compileSnippet
  api=1 type=1 insize=816 outsize=851 kw=POINT SHADOWS_OFF _ALPHAPREMULTIPLY_ON ok=1
Cmd: compileSnippet
  api=0 type=1 insize=816 outsize=6 kw=SPOT SHADOWS_OFF _ALPHAPREMULTIPLY_ON ok=1
Cmd: compileSnippet
  api=1 type=1 insize=816 outsize=975 kw=SPOT SHADOWS_OFF _ALPHAPREMULTIPLY_ON ok=1
Cmd: compileSnippet
  api=0 type=1 insize=816 outsize=6 kw=DIRECTIONAL_COOKIE SHADOWS_OFF _ALPHAPREMULTIPLY_ON ok=1
Cmd: compileSnippet
  api=1 type=1 insize=816 outsize=806 kw=DIRECTIONAL_COOKIE SHADOWS_OFF _ALPHAPREMULTIPLY_ON ok=1
Cmd: compileSnippet
  api=0 type=1 insize=816 outsize=6 kw=DIRECTIONAL SHADOWS_SCREEN _ALPHAPREMULTIPLY_ON ok=1
Cmd: compileSnippet
  api=1 type=1 insize=816 outsize=824 kw=DIRECTIONAL SHADOWS_SCREEN _ALPHAPREMULTIPLY_ON ok=1
Cmd: compileSnippet
  api=0 type=1 insize=816 outsize=6 kw=POINT SHADOWS_CUBE _ALPHAPREMULTIPLY_ON ok=1
Cmd: compileSnippet
  api=1 type=1 insize=816 outsize=1048 kw=POINT SHADOWS_CUBE _ALPHAPREMULTIPLY_ON ok=1
Cmd: compileSnippet
  api=1 type=0 insize=600 outsize=832 kw=SHADOWS_DEPTH ok=1
Cmd: compileSnippet
  api=1 type=0 insize=600 outsize=172 kw=SHADOWS_CUBE ok=1
Cmd: compileSnippet
  api=4 type=0 insize=600 outsize=1404 kw=SHADOWS_CUBE ok=1
Cmd: compileSnippet
  api=4 type=0 insize=600 outsize=3760 kw=SHADOWS_DEPTH _ALPHAPREMULTIPLY_ON ok=1
Cmd: compileSnippet
  api=1 type=1 insize=600 outsize=67 kw=SHADOWS_DEPTH ok=1
Cmd: compileSnippet
  api=0 type=1 insize=600 outsize=6 kw=SHADOWS_DEPTH _ALPHAPREMULTIPLY_ON ok=1
Cmd: compileSnippet
  api=0 type=1 insize=600 outsize=6 kw=SHADOWS_CUBE _ALPHAPREMULTIPLY_ON ok=1
Cmd: compileSnippet
  api=1 type=1 insize=600 outsize=195 kw=SHADOWS_CUBE _ALPHAPREMULTIPLY_ON ok=1
Cmd: compileSnippet
  api=1 type=0 insize=530 outsize=566 kw= ok=1
Cmd: compileSnippet
  api=1 type=0 insize=1329 outsize=493 kw= ok=1
Cmd: compileSnippet
  api=4 type=1 insize=1329 outsize=1152 kw= ok=1
Cmd: compileSnippet
  api=1 type=1 insize=1325 outsize=240 kw= ok=1
Cmd: compileSnippet
  api=4 type=0 insize=1325 outsize=1388 kw= ok=1
Cmd: compileSnippet
  api=4 type=1 insize=1325 outsize=1152 kw= ok=1
Cmd: compileSnippet
  api=4 type=1 insize=1329 outsize=1152 kw= ok=1
Cmd: compileSnippet
  api=4 type=0 insize=1317 outsize=1388 kw= ok=1
Cmd: compileSnippet
  api=4 type=0 insize=1327 outsize=1388 kw= ok=1
Cmd: compileSnippet
  api=1 type=0 insize=541 outsize=832 kw=SHADOWS_DEPTH ok=1
Cmd: compileSnippet
  api=1 type=1 insize=541 outsize=61 kw=SHADOWS_DEPTH ok=1
Cmd: compileSnippet
  api=1 type=0 insize=6810 outsize=580 kw=DIRECTIONAL SHADOWS_OFF LIGHTMAP_OFF DIRLIGHTMAP_OFF DYNAMICLIGHTMAP_OFF ok=1
Cmd: compileSnippet
  api=1 type=0 insize=6810 outsize=508 kw=DIRECTIONAL SHADOWS_OFF LIGHTMAP_OFF DIRLIGHTMAP_OFF DYNAMICLIGHTMAP_ON ok=1
Cmd: compileSnippet
  api=0 type=0 insize=6810 outsize=2758 kw=DIRECTIONAL SHADOWS_SCREEN LIGHTMAP_OFF DIRLIGHTMAP_OFF DYNAMICLIGHTMAP_OFF ok=1
Cmd: compileSnippet
  api=4 type=0 insize=6810 outsize=5101 kw=DIRECTIONAL SHADOWS_OFF LIGHTMAP_OFF DIRLIGHTMAP_OFF DYNAMICLIGHTMAP_OFF VERTEXLIGHT_ON ok=1
Cmd: compileSnippet
  api=1 type=0 insize=6810 outsize=508 kw=DIRECTIONAL SHADOWS_OFF LIGHTMAP_OFF DIRLIGHTMAP_OFF DYNAMICLIGHTMAP_ON VERTEXLIGHT_ON ok=1
Cmd: compileSnippet
  api=4 type=0 insize=6810 outsize=3021 kw=DIRECTIONAL SHADOWS_OFF LIGHTMAP_OFF DIRLIGHTMAP_OFF DYNAMICLIGHTMAP_ON VERTEXLIGHT_ON ok=1
Cmd: compileSnippet
  api=1 type=0 insize=6810 outsize=1215 kw=DIRECTIONAL SHADOWS_SCREEN LIGHTMAP_OFF DIRLIGHTMAP_OFF DYNAMICLIGHTMAP_OFF VERTEXLIGHT_ON ok=1
Cmd: compileSnippet
  api=0 type=0 insize=6810 outsize=2509 kw=DIRECTIONAL SHADOWS_SCREEN LIGHTMAP_OFF DIRLIGHTMAP_OFF DYNAMICLIGHTMAP_ON VERTEXLIGHT_ON ok=1
Cmd: compileSnippet
  api=0 type=1 insize=6810 outsize=6 kw=DIRECTIONAL SHADOWS_OFF LIGHTMAP_OFF DIRLIGHTMAP_OFF DYNAMICLIGHTMAP_ON ok=1
Cmd: compileSnippet
  api=4 type=1 insize=6810 outsize=1697 kw=DIRECTIONAL SHADOWS_OFF LIGHTMAP_OFF DIRLIGHTMAP_OFF DYNAMICLIGHTMAP_ON ok=1
Cmd: compileSnippet
  api=4 type=1 insize=6810 outsize=2013 kw=DIRECTIONAL SHADOWS_SCREEN LIGHTMAP_OFF DIRLIGHTMAP_OFF DYNAMICLIGHTMAP_ON ok=1
Cmd: compileSnippet
  api=0 type=0 insize=3647 outsize=1476 kw=DIRECTIONAL ok=1
Cmd: compileSnippet
  api=0 type=0 insize=3647 outsize=1890 kw=POINT_COOKIE ok=1
Cmd: compileSnippet
  api=0 type=1 insize=3647 outsize=6 kw=DIRECTIONAL ok=1
Cmd: compileSnippet
  api=4 type=1 insize=3647 outsize=1152 kw=DIRECTIONAL ok=1
Cmd: compileSnippet
  api=0 type=1 insize=3647 outsize=6 kw=POINT_COOKIE ok=1
Cmd: compileSnippet
  api=1 type=1 insize=3647 outsize=490 kw=POINT_COOKIE ok=1
Cmd: compileSnippet
  api=0 type=1 insize=3647 outsize=6 kw=DIRECTIONAL_COOKIE ok=1
Cmd: compileSnippet
  api=1 type=1 insize=3647 outsize=361 kw=DIRECTIONAL_COOKIE ok=1
Cmd: compileSnippet
  api=1 type=1 insize=2805 outsize=106 kw= ok=1
Cmd: compileSnippet
  api=4 type=0 insize=5974 outsize=4061 kw=LIGHTMAP_OFF DIRLIGHTMAP_OFF DYNAMICLIGHTMAP_OFF HDR_LIGHT_PREPASS_OFF ok=1
Cmd: compileSnippet
  api=4 type=0 insize=5974 outsize=4207 kw=LIGHTMAP_OFF DIRLIGHTMAP_OFF DYNAMICLIGHTMAP_ON HDR_LIGHT_PREPASS_OFF ok=1
Cmd: compileSnippet
  api=1 type=0 insize=5974 outsize=707 kw=LIGHTMAP_OFF DIRLIGHTMAP_OFF DYNAMICLIGHTMAP_OFF UNITY_HDR_ON ok=1
Cmd: compileSnippet
  api=4 type=0 insize=5974 outsize=4061 kw=LIGHTMAP_OFF DIRLIGHTMAP_OFF DYNAMICLIGHTMAP_OFF UNITY_HDR_ON ok=1
Cmd: compileSnippet
  api=1 type=1 insize=5974 outsize=267 kw=LIGHTMAP_OFF DIRLIGHTMAP_OFF DYNAMICLIGHTMAP_OFF HDR_LIGHT_PREPASS_OFF ok=1
Cmd: compileSnippet
  api=0 type=1 insize=5974 outsize=6 kw=LIGHTMAP_OFF DIRLIGHTMAP_OFF DYNAMICLIGHTMAP_OFF UNITY_HDR_ON ok=1
Cmd: compileSnippet
  api=1 type=1 insize=5974 outsize=212 kw=LIGHTMAP_OFF DIRLIGHTMAP_OFF DYNAMICLIGHTMAP_OFF UNITY_HDR_ON ok=1
Cmd: compileSnippet
  api=1 type=0 insize=5928 outsize=595 kw=LIGHTMAP_OFF DIRLIGHTMAP_OFF DYNAMICLIGHTMAP_OFF HDR_LIGHT_PREPASS_OFF ok=1
Cmd: compileSnippet
  api=1 type=0 insize=5928 outsize=508 kw=LIGHTMAP_OFF DIRLIGHTMAP_OFF DYNAMICLIGHTMAP_ON HDR_LIGHT_PREPASS_OFF ok=1
Cmd: compileSnippet
  api=0 type=0 insize=5928 outsize=2526 kw=LIGHTMAP_OFF DIRLIGHTMAP_OFF DYNAMICLIGHTMAP_OFF UNITY_HDR_ON ok=1
Cmd: compileSnippet
  api=4 type=1 insize=5928 outsize=1632 kw=LIGHTMAP_OFF DIRLIGHTMAP_OFF DYNAMICLIGHTMAP_OFF HDR_LIGHT_PREPASS_OFF ok=1
Cmd: compileSnippet
  api=4 type=1 insize=5928 outsize=1932 kw=LIGHTMAP_OFF DIRLIGHTMAP_OFF DYNAMICLIGHTMAP_ON UNITY_HDR_ON ok=1
Cmd: compileSnippet
  api=1 type=1 insize=2996 outsize=360 kw= ok=1
Cmd: compileSnippet
  api=0 type=0 insize=1275 outsize=2504 kw=DIRECTIONAL SHADOWS_OFF ok=1
Cmd: compileSnippet
  api=0 type=0 insize=1275 outsize=2950 kw=POINT_COOKIE SHADOWS_OFF ok=1
Cmd: compileSnippet
  api=0 type=0 insize=1275 outsize=2824 kw=DIRECTIONAL SHADOWS_SCREEN ok=1
Cmd: compileSnippet
  api=4 type=0 insize=1275 outsize=1940 kw=POINT SHADOWS_CUBE ok=1
Cmd: compileSnippet
  api=1 type=0 insize=1275 outsize=441 kw=POINT_COOKIE SHADOWS_CUBE ok=1
Cmd: compileSnippet
  api=0 type=0 insize=1275 outsize=4126 kw=SPOT SHADOWS_DEPTH SHADOWS_SOFT SHADOWS_NATIVE ok=1
Cmd: compileSnippet
  api=4 type=0 insize=1275 outsize=1940 kw=POINT_COOKIE SHADOWS_CUBE SHADOWS_SOFT ok=1
Cmd: compileSnippet
  api=4 type=1 insize=1275 outsize=4500 kw=POINT SHADOWS_OFF ok=1
Cmd: compileSnippet
  api=4 type=1 insize=1275 outsize=4979 kw=POINT_COOKIE SHADOWS_OFF ok=1
Cmd: compileSnippet
  api=0 type=1 insize=1275 outsize=6 kw=SPOT SHADOWS_DEPTH SHADOWS_NATIVE ok=1
Cmd: compileSnippet
  api=4 type=1 insize=1275 outsize=6043 kw=SPOT SHADOWS_DEPTH SHADOWS_NATIVE ok=1
Cmd: compileSnippet
  api=4 type=1 insize=1275 outsize=4849 kw=DIRECTIONAL_COOKIE SHADOWS_SCREEN ok=1
Cmd: compileSnippet
  api=4 type=1 insize=1275 outsize=5499 kw=POINT_COOKIE SHADOWS_CUBE ok=1
Cmd: compileSnippet
  api=4 type=1 insize=1275 outsize=5792 kw=POINT SHADOWS_CUBE SHADOWS_SOFT ok=1
Cmd: compileSnippet
  api=1 type=0 insize=1268 outsize=441 kw=POINT SHADOWS_OFF ok=1
Cmd: compileSnippet
  api=1 type=0 insize=1268 outsize=441 kw=DIRECTIONAL SHADOWS_OFF ok=1
Cmd: compileSnippet
  api=0 type=0 insize=1268 outsize=3016 kw=SPOT SHADOWS_OFF ok=1
Cmd: compileSnippet
  api=1 type=0 insize=1268 outsize=441 kw=DIRECTIONAL_COOKIE SHADOWS_OFF ok=1
Cmd: compileSnippet
  api=0 type=0 insize=1268 outsize=3540 kw=SPOT SHADOWS_DEPTH SHADOWS_NATIVE ok=1
Cmd: compileSnippet
  api=4 type=0 insize=1268 outsize=1940 kw=DIRECTIONAL_COOKIE SHADOWS_SCREEN ok=1
Cmd: compileSnippet
  api=1 type=0 insize=1268 outsize=441 kw=POINT SHADOWS_CUBE ok=1
Cmd: compileSnippet
  api=0 type=0 insize=1268 outsize=3475 kw=POINT_COOKIE SHADOWS_CUBE ok=1
Cmd: compileSnippet
  api=4 type=0 insize=1268 outsize=1940 kw=POINT SHADOWS_CUBE SHADOWS_SOFT ok=1
Cmd: compileSnippet
  api=1 type=0 insize=1268 outsize=441 kw=POINT_COOKIE SHADOWS_CUBE SHADOWS_SOFT ok=1
Cmd: compileSnippet
  api=1 type=1 insize=1268 outsize=1363 kw=POINT SHADOWS_OFF ok=1
Cmd: compileSnippet
  api=0 type=1 insize=1268 outsize=6 kw=POINT_COOKIE SHADOWS_OFF ok=1
Cmd: compileSnippet
  api=1 type=1 insize=1268 outsize=1476 kw=POINT_COOKIE SHADOWS_OFF ok=1
Cmd: compileSnippet
  api=0 type=1 insize=1268 outsize=6 kw=DIRECTIONAL_COOKIE SHADOWS_OFF ok=1
Cmd: compileSnippet
  api=1 type=1 insize=1268 outsize=1323 kw=DIRECTIONAL_COOKIE SHADOWS_OFF ok=1
Cmd: compileSnippet
  api=0 type=1 insize=1268 outsize=6 kw=DIRECTIONAL SHADOWS_SCREEN ok=1
Cmd: compileSnippet
  api=1 type=1 insize=1268 outsize=1250 kw=DIRECTIONAL SHADOWS_SCREEN ok=1
Cmd: compileSnippet
  api=0 type=1 insize=1268 outsize=6 kw=POINT SHADOWS_CUBE ok=1
Cmd: compileSnippet
  api=1 type=1 insize=1268 outsize=1537 kw=POINT SHADOWS_CUBE ok=1
Cmd: compileSnippet
  api=0 type=1 insize=1268 outsize=6 kw=SPOT SHADOWS_DEPTH SHADOWS_SOFT SHADOWS_NATIVE ok=1
Cmd: compileSnippet
  api=1 type=1 insize=1268 outsize=1962 kw=SPOT SHADOWS_DEPTH SHADOWS_SOFT SHADOWS_NATIVE ok=1
Cmd: compileSnippet
  api=0 type=1 insize=1268 outsize=6 kw=POINT_COOKIE SHADOWS_CUBE SHADOWS_SOFT ok=1
Cmd: compileSnippet
  api=1 type=1 insize=1268 outsize=1938 kw=POINT_COOKIE SHADOWS_CUBE SHADOWS_SOFT ok=1
Cmd: compileSnippet
  api=0 type=0 insize=1273 outsize=2500 kw=DIRECTIONAL SHADOWS_OFF ok=1
Cmd: compileSnippet
  api=0 type=0 insize=1273 outsize=2946 kw=POINT_COOKIE SHADOWS_OFF ok=1
Cmd: compileSnippet
  api=4 type=0 insize=1273 outsize=1940 kw=SPOT SHADOWS_DEPTH SHADOWS_NATIVE ok=1
Cmd: compileSnippet
  api=4 type=0 insize=1273 outsize=1940 kw=DIRECTIONAL SHADOWS_SCREEN ok=1
Cmd: compileSnippet
  api=1 type=0 insize=1273 outsize=441 kw=DIRECTIONAL_COOKIE SHADOWS_SCREEN ok=1
Cmd: compileSnippet
  api=0 type=0 insize=1273 outsize=3281 kw=POINT SHADOWS_CUBE ok=1
Cmd: compileSnippet
  api=4 type=0 insize=1273 outsize=1940 kw=SPOT SHADOWS_DEPTH SHADOWS_SOFT SHADOWS_NATIVE ok=1
Cmd: compileSnippet
  api=1 type=0 insize=1273 outsize=441 kw=POINT SHADOWS_CUBE SHADOWS_SOFT ok=1
Cmd: compileSnippet
  api=0 type=0 insize=1273 outsize=4407 kw=POINT_COOKIE SHADOWS_CUBE SHADOWS_SOFT ok=1
Cmd: compileSnippet
  api=4 type=1 insize=1273 outsize=4451 kw=POINT SHADOWS_OFF ok=1
Cmd: compileSnippet
  api=1 type=1 insize=1273 outsize=1481 kw=POINT_COOKIE SHADOWS_OFF ok=1
Cmd: compileSnippet
  api=0 type=1 insize=1273 outsize=6 kw=DIRECTIONAL_COOKIE SHADOWS_OFF ok=1
Cmd: compileSnippet
  api=1 type=1 insize=1273 outsize=1318 kw=DIRECTIONAL_COOKIE SHADOWS_OFF ok=1
Cmd: compileSnippet
  api=0 type=1 insize=1273 outsize=6 kw=DIRECTIONAL SHADOWS_SCREEN ok=1
Cmd: compileSnippet
  api=1 type=1 insize=1273 outsize=1255 kw=DIRECTIONAL SHADOWS_SCREEN ok=1
Cmd: compileSnippet
  api=0 type=1 insize=1273 outsize=6 kw=POINT SHADOWS_CUBE ok=1
Cmd: compileSnippet
  api=1 type=1 insize=1273 outsize=1542 kw=POINT SHADOWS_CUBE ok=1
Cmd: compileSnippet
  api=0 type=1 insize=1273 outsize=6 kw=SPOT SHADOWS_DEPTH SHADOWS_SOFT SHADOWS_NATIVE ok=1
Cmd: compileSnippet
  api=1 type=1 insize=1273 outsize=1967 kw=SPOT SHADOWS_DEPTH SHADOWS_SOFT SHADOWS_NATIVE ok=1
Cmd: compileSnippet
  api=0 type=1 insize=1273 outsize=6 kw=POINT_COOKIE SHADOWS_CUBE SHADOWS_SOFT ok=1
Cmd: compileSnippet
  api=1 type=1 insize=1273 outsize=1943 kw=POINT_COOKIE SHADOWS_CUBE SHADOWS_SOFT ok=1
Cmd: compileSnippet
  api=4 type=0 insize=1934 outsize=1940 kw=POINT SHADOWS_OFF ok=1
Cmd: compileSnippet
  api=4 type=0 insize=1934 outsize=1940 kw=DIRECTIONAL SHADOWS_OFF ok=1
Cmd: compileSnippet
  api=1 type=0 insize=1934 outsize=441 kw=SPOT SHADOWS_OFF ok=1
Cmd: compileSnippet
  api=4 type=0 insize=1934 outsize=1940 kw=SPOT SHADOWS_OFF ok=1
Cmd: compileSnippet
  api=0 type=0 insize=1934 outsize=3872 kw=POINT_COOKIE SHADOWS_OFF ok=1
Cmd: compileSnippet
  api=0 type=0 insize=1934 outsize=3916 kw=DIRECTIONAL SHADOWS_SCREEN ok=1
Cmd: compileSnippet
  api=0 type=0 insize=1934 outsize=4415 kw=POINT_COOKIE SHADOWS_CUBE ok=1
Cmd: compileSnippet
  api=4 type=0 insize=1934 outsize=1940 kw=POINT SHADOWS_CUBE SHADOWS_SOFT ok=1
Cmd: compileSnippet
  api=1 type=0 insize=1934 outsize=441 kw=POINT_COOKIE SHADOWS_CUBE SHADOWS_SOFT ok=1
Cmd: compileSnippet
  api=4 type=0 insize=1934 outsize=1940 kw=POINT_COOKIE SHADOWS_CUBE SHADOWS_SOFT ok=1
Cmd: compileSnippet
  api=1 type=0 insize=1934 outsize=441 kw=POINT SHADOWS_OFF UNITY_HDR_ON ok=1
Cmd: compileSnippet
  api=4 type=0 insize=1934 outsize=1940 kw=POINT SHADOWS_OFF UNITY_HDR_ON ok=1
Cmd: compileSnippet
  api=1 type=0 insize=1934 outsize=441 kw=DIRECTIONAL SHADOWS_OFF UNITY_HDR_ON ok=1
Cmd: compileSnippet
  api=4 type=0 insize=1934 outsize=1940 kw=DIRECTIONAL SHADOWS_OFF UNITY_HDR_ON ok=1
Cmd: compileSnippet
  api=4 type=0 insize=1934 outsize=1940 kw=SPOT SHADOWS_OFF UNITY_HDR_ON ok=1
Cmd: compileSnippet
  api=1 type=0 insize=1934 outsize=441 kw=POINT_COOKIE SHADOWS_OFF UNITY_HDR_ON ok=1
Cmd: compileSnippet
  api=0 type=0 insize=1934 outsize=3663 kw=DIRECTIONAL_COOKIE SHADOWS_OFF UNITY_HDR_ON ok=1
Cmd: compileSnippet
  api=4 type=0 insize=1934 outsize=1940 kw=DIRECTIONAL SHADOWS_SCREEN UNITY_HDR_ON ok=1
Cmd: compileSnippet
  api=1 type=0 insize=1934 outsize=441 kw=DIRECTIONAL_COOKIE SHADOWS_SCREEN UNITY_HDR_ON ok=1
Cmd: compileSnippet
  api=4 type=0 insize=1934 outsize=1940 kw=DIRECTIONAL_COOKIE SHADOWS_SCREEN UNITY_HDR_ON ok=1
Cmd: compileSnippet
  api=1 type=0 insize=1934 outsize=441 kw=POINT SHADOWS_CUBE UNITY_HDR_ON ok=1
Cmd: compileSnippet
  api=0 type=0 insize=1934 outsize=4406 kw=POINT_COOKIE SHADOWS_CUBE UNITY_HDR_ON ok=1
Cmd: compileSnippet
  api=4 type=0 insize=1934 outsize=1940 kw=POINT SHADOWS_CUBE SHADOWS_SOFT UNITY_HDR_ON ok=1
Cmd: compileSnippet
  api=1 type=0 insize=1934 outsize=441 kw=POINT_COOKIE SHADOWS_CUBE SHADOWS_SOFT UNITY_HDR_ON ok=1
Cmd: compileSnippet
  api=1 type=1 insize=1934 outsize=2193 kw=POINT SHADOWS_OFF ok=1
Cmd: compileSnippet
  api=1 type=1 insize=1934 outsize=2340 kw=POINT_COOKIE SHADOWS_OFF ok=1
Cmd: compileSnippet
  api=0 type=1 insize=1934 outsize=6 kw=SPOT SHADOWS_DEPTH SHADOWS_NATIVE ok=1
Cmd: compileSnippet
  api=1 type=1 insize=1934 outsize=2746 kw=SPOT SHADOWS_DEPTH SHADOWS_NATIVE ok=1
Cmd: compileSnippet
  api=0 type=1 insize=1934 outsize=6 kw=DIRECTIONAL_COOKIE SHADOWS_SCREEN ok=1
Cmd: compileSnippet
  api=1 type=1 insize=1934 outsize=2476 kw=DIRECTIONAL_COOKIE SHADOWS_SCREEN ok=1
Cmd: compileSnippet
  api=0 type=1 insize=1934 outsize=6 kw=POINT_COOKIE SHADOWS_CUBE ok=1
Cmd: compileSnippet
  api=1 type=1 insize=1934 outsize=2504 kw=POINT_COOKIE SHADOWS_CUBE ok=1
Cmd: compileSnippet
  api=0 type=1 insize=1934 outsize=6 kw=POINT SHADOWS_CUBE SHADOWS_SOFT ok=1
Cmd: compileSnippet
  api=1 type=1 insize=1934 outsize=2694 kw=POINT SHADOWS_CUBE SHADOWS_SOFT ok=1
Cmd: compileSnippet
  api=0 type=1 insize=1934 outsize=6 kw=POINT SHADOWS_OFF UNITY_HDR_ON ok=1
Cmd: compileSnippet
  api=1 type=1 insize=1934 outsize=2131 kw=POINT SHADOWS_OFF UNITY_HDR_ON ok=1
Cmd: compileSnippet
  api=4 type=1 insize=1934 outsize=7197 kw=SPOT SHADOWS_OFF UNITY_HDR_ON ok=1
Cmd: compileSnippet
  api=0 type=1 insize=1934 outsize=6 kw=DIRECTIONAL_COOKIE SHADOWS_OFF UNITY_HDR_ON ok=1
Cmd: compileSnippet
  api=1 type=1 insize=1934 outsize=2132 kw=DIRECTIONAL_COOKIE SHADOWS_OFF UNITY_HDR_ON ok=1
Cmd: compileSnippet
  api=4 type=1 insize=1934 outsize=6726 kw=DIRECTIONAL SHADOWS_SCREEN UNITY_HDR_ON ok=1
Cmd: compileSnippet
  api=0 type=1 insize=1934 outsize=6 kw=POINT SHADOWS_CUBE UNITY_HDR_ON ok=1
Cmd: compileSnippet
  api=1 type=1 insize=1934 outsize=2350 kw=POINT SHADOWS_CUBE UNITY_HDR_ON ok=1
Cmd: compileSnippet
  api=4 type=1 insize=1934 outsize=7514 kw=POINT_COOKIE SHADOWS_CUBE UNITY_HDR_ON ok=1
Cmd: compileSnippet
  api=4 type=1 insize=1934 outsize=7766 kw=POINT SHADOWS_CUBE SHADOWS_SOFT UNITY_HDR_ON ok=1
Cmd: compileSnippet
  api=1 type=0 insize=683 outsize=157 kw= ok=1
Cmd: compileSnippet
  api=4 type=1 insize=683 outsize=705 kw= ok=1
Cmd: compileSnippet
  api=1 type=1 insize=1051 outsize=159 kw= ok=1
Cmd: compileSnippet
  api=4 type=0 insize=1089 outsize=1298 kw= ok=1
Cmd: compileSnippet
  api=1 type=0 insize=6481 outsize=151 kw= ok=1
Cmd: compileSnippet
  api=1 type=0 insize=723 outsize=151 kw= ok=1
Cmd: compileSnippet
  api=4 type=1 insize=723 outsize=657 kw= ok=1
Cmd: compileSnippet
  api=1 type=1 insize=1079 outsize=346 kw= ok=1
